<?xml version="1.0" encoding="UTF-8"?>
<!-- Generated by org.testng.reporters.JUnitXMLReporter -->
<testsuite hostname="DELL-PC" ignored="1" name="Default test" tests="1" failures="0" timestamp="16 Jun 2019 18:37:30 GMT" time="66.881" errors="0">
  <testcase name="LoginTest" time="23.232" classname="TestCases.LoginTestcase"/>
  <testcase name="LoginPageTest" time="0.0" classname="TestCases.LoginTestcase">
    <ignored/>
  </testcase> <!-- LoginPageTest -->
</testsuite> <!-- Default test -->
