<?xml version="1.0" encoding="UTF-8"?>
<!-- Generated by org.testng.reporters.JUnitXMLReporter -->
<testsuite hostname="DELL-PC" ignored="1" name="Test" tests="2" failures="0" timestamp="19 Jun 2019 16:08:07 GMT" time="149.592" errors="0">
  <testcase name="clickOnLoginTest" time="13.406" classname="TestCases.Click_On_Login_Test"/>
  <testcase name="LoginTest" time="29.033" classname="TestCases.LoginTestcase"/>
  <testcase name="LoginPageTest" time="0.0" classname="TestCases.LoginTestcase">
    <ignored/>
  </testcase> <!-- LoginPageTest -->
</testsuite> <!-- Test -->
